2024-03-19 00:11:47,293 [ERROR] LogOutputStream:75 - [STDERR_REDIRECT] 
2024-03-19 00:12:09,208 [INFO] Activator:176 - 


2024-03-19 00:12:09,209 [INFO] Activator:177 - !SESSION log4j initialized
2024-03-19 00:12:13,607 [INFO] LogOutputStream:77 - [STDOUT_REDIRECT] 
2024-03-19 00:12:19,405 [INFO] ApplicationProperties:184 - Using Application install path: C:\ST\STM32CubeIDE_1.14.1\STM32CubeIDE\plugins\com.st.stm32cube.common.mx_6.10.0.202311202037
2024-03-19 00:12:19,423 [INFO] DbMcusXml:78 - Set database path to: C:\ST\STM32CubeIDE_1.14.1\STM32CubeIDE\plugins\com.st.stm32cube.common.mx_6.10.0.202311202037\\db\/mcu/
2024-03-19 00:12:19,424 [INFO] ApiDb:274 - Set plugin database path to: C:\ST\STM32CubeIDE_1.14.1\STM32CubeIDE\plugins\com.st.stm32cube.common.mx_6.10.0.202311202037\\db\/plugins/boardmanager/
2024-03-19 00:12:19,424 [WARN] ApiDb:259 - Overriding images path with different value:  => C:\ST\STM32CubeIDE_1.14.1\STM32CubeIDE\plugins\com.st.stm32cube.common.mx_6.10.0.202311202037\\db\/plugins/mcufinder/images/
2024-03-19 00:12:19,437 [INFO] ApiDb:250 - Set database path to: C:\Users\аћ”ƒешник\.stmcufinder\plugins\mcufinder//mcu/
2024-03-19 00:12:19,438 [INFO] DbMcusAds:125 - Set database path to: C:\Users\аћ”ƒешник\.stmcufinder\plugins\mcufinder//mcu/
2024-03-19 00:12:19,440 [INFO] CrossReferenceDbSqlite:203 - Set database path to: C:\Users\аћ”ƒешник\.stmcufinder\plugins\mcufinder//mcu/cs/
2024-03-19 00:12:19,563 [INFO] RulesReader:64 - Compatibility file has been processed (297 Rules)
2024-03-19 00:12:19,642 [INFO] DbMcusXml:78 - Set database path to: C:\ST\STM32CubeIDE_1.14.1\STM32CubeIDE\plugins\com.st.stm32cube.common.mx_6.10.0.202311202037\\db\/mcu/
2024-03-19 00:12:19,642 [INFO] ApiDb:274 - Set plugin database path to: C:\ST\STM32CubeIDE_1.14.1\STM32CubeIDE\plugins\com.st.stm32cube.common.mx_6.10.0.202311202037\\db\/plugins/boardmanager/
2024-03-19 00:12:19,643 [INFO] ApiDb:261 - Set plugin images path to: C:\ST\STM32CubeIDE_1.14.1\STM32CubeIDE\plugins\com.st.stm32cube.common.mx_6.10.0.202311202037\\db\/plugins/mcufinder/images/
2024-03-19 00:12:19,643 [WARN] DbFile:41 - Overriding database path with different value: C:\Users\аћ”ƒешник\.stmcufinder\plugins\mcufinder/ => C:\Users\аћ”ƒешник\.stmcufinder\plugins\mcufinder
2024-03-19 00:12:19,643 [INFO] ApiDb:250 - Set database path to: C:\Users\аћ”ƒешник\.stmcufinder\plugins\mcufinder//mcu/
2024-03-19 00:12:19,643 [WARN] DbFile:41 - Overriding database path with different value: C:\Users\аћ”ƒешник\.stmcufinder\plugins\mcufinder/ => C:\Users\аћ”ƒешник\.stmcufinder\plugins\mcufinder
2024-03-19 00:12:19,643 [INFO] DbMcusAds:125 - Set database path to: C:\Users\аћ”ƒешник\.stmcufinder\plugins\mcufinder//mcu/
2024-03-19 00:12:19,643 [WARN] DbFile:41 - Overriding database path with different value: C:\Users\аћ”ƒешник\.stmcufinder\plugins\mcufinder/ => C:\Users\аћ”ƒешник\.stmcufinder\plugins\mcufinder
2024-03-19 00:12:19,643 [WARN] DbFile:41 - Overriding database path with different value: C:\Users\аћ”ƒешник\.stmcufinder\plugins\mcufinder/ => C:\Users\аћ”ƒешник\.stmcufinder\plugins\mcufinder
2024-03-19 00:12:19,644 [INFO] CrossReferenceDbSqlite:203 - Set database path to: C:\Users\аћ”ƒешник\.stmcufinder\plugins\mcufinder//mcu/cs/
2024-03-19 00:12:19,705 [INFO] MainPanel:264 - HeapMemory: 268435456
2024-03-19 00:12:19,757 [INFO] DbMcusXml:78 - Set database path to: C:\ST\STM32CubeIDE_1.14.1\STM32CubeIDE\plugins\com.st.stm32cube.common.mx_6.10.0.202311202037\\db\/mcu/
2024-03-19 00:12:19,757 [INFO] ApiDb:274 - Set plugin database path to: C:\ST\STM32CubeIDE_1.14.1\STM32CubeIDE\plugins\com.st.stm32cube.common.mx_6.10.0.202311202037\\db\/plugins/boardmanager/
2024-03-19 00:12:19,757 [INFO] ApiDb:261 - Set plugin images path to: C:\ST\STM32CubeIDE_1.14.1\STM32CubeIDE\plugins\com.st.stm32cube.common.mx_6.10.0.202311202037\\db\/plugins/mcufinder/images/
2024-03-19 00:12:19,757 [WARN] DbFile:41 - Overriding database path with different value: C:\Users\аћ”ƒешник\.stmcufinder\plugins\mcufinder/ => C:\Users\аћ”ƒешник\.stmcufinder\plugins\mcufinder
2024-03-19 00:12:19,758 [INFO] ApiDb:250 - Set database path to: C:\Users\аћ”ƒешник\.stmcufinder\plugins\mcufinder//mcu/
2024-03-19 00:12:19,758 [WARN] DbFile:41 - Overriding database path with different value: C:\Users\аћ”ƒешник\.stmcufinder\plugins\mcufinder/ => C:\Users\аћ”ƒешник\.stmcufinder\plugins\mcufinder
2024-03-19 00:12:19,758 [INFO] DbMcusAds:125 - Set database path to: C:\Users\аћ”ƒешник\.stmcufinder\plugins\mcufinder//mcu/
2024-03-19 00:12:19,758 [WARN] DbFile:41 - Overriding database path with different value: C:\Users\аћ”ƒешник\.stmcufinder\plugins\mcufinder/ => C:\Users\аћ”ƒешник\.stmcufinder\plugins\mcufinder
2024-03-19 00:12:19,758 [WARN] DbFile:41 - Overriding database path with different value: C:\Users\аћ”ƒешник\.stmcufinder\plugins\mcufinder/ => C:\Users\аћ”ƒешник\.stmcufinder\plugins\mcufinder
2024-03-19 00:12:19,758 [INFO] CrossReferenceDbSqlite:203 - Set database path to: C:\Users\аћ”ƒешник\.stmcufinder\plugins\mcufinder//mcu/cs/
2024-03-19 00:12:19,770 [INFO] ApplicationProperties:184 - Using Application install path: C:\ST\STM32CubeIDE_1.14.1\STM32CubeIDE\plugins\com.st.stm32cube.common.mx_6.10.0.202311202037
2024-03-19 00:12:19,772 [INFO] PluginManage:196 - Search for loadable plugins [exclusion list=, ]
2024-03-19 00:12:19,773 [INFO] PluginManage:310 - Check plugin analytics
